<?xml version="1.0" encoding="UTF-8"?>
<!-- Generated by org.testng.reporters.JUnitXMLReporter -->
<testsuite ignored="0" hostname="DESKTOP-LKHQBG4" failures="0" tests="9" name="Test" time="1103.231" errors="0" timestamp="2023-04-24T17:57:05 IST">
  <testcase classname="com.bestbuy.tests.LaunchBrowserAndBrokenLinkTest" name="findBrokenlinkOrNot" time="15.918"/>
  <testcase classname="com.bestbuy.tests.SignupTest" name="signupBestBuy" time="54.891"/>
  <testcase classname="com.bestbuy.tests.LoginTest" name="siginBestBuy" time="45.308"/>
  <testcase classname="com.bestbuy.tests.AllmenuTest" name="validateTitle" time="146.908"/>
  <testcase classname="com.bestbuy.tests.BottomLinkTest" name="scrollBottomLink" time="124.126"/>
  <testcase classname="com.bestbuy.tests.SearchAddTest" name="searchAddPendrive" time="107.684"/>
  <testcase classname="com.bestbuy.tests.DepartmentAddCartTest" name="departmentAddItem" time="122.723"/>
  <testcase classname="com.bestbuy.tests.BrandAddCartTest" name="brandAddToCart" time="180.922"/>
  <testcase classname="com.bestbuy.tests.PaymentAndValidationTest" name="dummyPayments" time="304.675"/>
</testsuite> <!-- Test -->
